<?xml version="1.0" encoding="UTF-8"?>
<!-- Generated by org.testng.reporters.JUnitReportReporter -->
<testsuite hostname="DESKTOP-4HL9IF1" failures="0" tests="6" name="AlmosaferWeb.myTestCase" time="2.333" errors="0" timestamp="2024-04-29T17:51:00 AST" skipped="0">
  <testcase classname="AlmosaferWeb.myTestCase" name="checkTheLanguageIsEnglish" time="0.048"/>
  <system-out/>
  <testcase classname="AlmosaferWeb.myTestCase" name="checkTheCurrensyIsSar" time="0.034"/>
  <system-out/>
  <testcase classname="AlmosaferWeb.myTestCase" name="checkNumber" time="0.025"/>
  <system-out/>
  <testcase classname="AlmosaferWeb.myTestCase" name="logo" time="0.038"/>
  <system-out/>
  <testcase classname="AlmosaferWeb.myTestCase" name="checkHotelNotSelected" time="0.030"/>
  <system-out/>
  <testcase classname="AlmosaferWeb.myTestCase" name="RandomMethodToChangeLanguage" time="2.158"/>
  <system-out/>
</testsuite> <!-- AlmosaferWeb.myTestCase -->
