<?xml version="1.0" encoding="UTF-8"?>
<!-- Generated by org.testng.reporters.JUnitReportReporter -->
<testsuite hostname="DESKTOP-4HL9IF1" failures="0" tests="8" name="AlmosaferWeb.myTestCase" time="1.898" errors="0" timestamp="2024-04-30T17:50:12 AST" skipped="0">
  <testcase classname="AlmosaferWeb.myTestCase" name="checkTheLanguageIsEnglish" time="0.074"/>
  <system-out/>
  <testcase classname="AlmosaferWeb.myTestCase" name="checkTheCurrensyIsSar" time="0.023"/>
  <system-out/>
  <testcase classname="AlmosaferWeb.myTestCase" name="checkNumber" time="0.017"/>
  <system-out/>
  <testcase classname="AlmosaferWeb.myTestCase" name="logo" time="0.030"/>
  <system-out/>
  <testcase classname="AlmosaferWeb.myTestCase" name="checkHotelNotSelected" time="0.017"/>
  <system-out/>
  <testcase classname="AlmosaferWeb.myTestCase" name="checkDepartureAndReturnDate" time="0.033"/>
  <system-out/>
  <testcase classname="AlmosaferWeb.myTestCase" name="RandomMethodToChangeLanguage" time="1.511"/>
  <system-out/>
  <testcase classname="AlmosaferWeb.myTestCase" name="swichTab" time="0.193"/>
  <system-out/>
</testsuite> <!-- AlmosaferWeb.myTestCase -->
